<?xml version="1.0" encoding="UTF-8"?>
<!-- Generated by org.testng.reporters.JUnitXMLReporter -->
<testsuite ignored="1" hostname="DESKTOP-3LKMGE1" failures="0" tests="2" name="Test" time="13.281" errors="0" timestamp="2025-11-29T12:29:51 IST">
  <testcase classname="testCases.TC002_LoginTest" name="verify_login" time="1.995"/>
  <testcase classname="testCases.TC001_AccountRegistrationTest" name="verify_account_registration" time="3.935"/>
  <testcase classname="testCases.TC003_LoginDDT" name="Verify_loginDDT" time="0.0">
    <ignored/>
  </testcase> <!-- Verify_loginDDT -->
</testsuite> <!-- Test -->
